<?xml version="1.0" encoding="UTF-8"?>
<!-- Generated by org.testng.reporters.JUnitXMLReporter -->
<testsuite hostname="DESKTOP-0T6PBGL" ignored="0" name="Default test" tests="6" failures="0" timestamp="17 May 2022 03:24:54 GMT" time="58.543" errors="0">
  <testcase name="feature" time="8.987" classname="cucumber.api.testng.AbstractTestNGCucumberTests"/>
  <testcase name="feature" time="12.604" classname="cucumber.api.testng.AbstractTestNGCucumberTests"/>
  <testcase name="feature" time="11.499" classname="cucumber.api.testng.AbstractTestNGCucumberTests"/>
  <testcase name="feature" time="13.627" classname="cucumber.api.testng.AbstractTestNGCucumberTests"/>
  <testcase name="feature" time="4.175" classname="cucumber.api.testng.AbstractTestNGCucumberTests"/>
  <testcase name="feature" time="7.453" classname="cucumber.api.testng.AbstractTestNGCucumberTests"/>
</testsuite> <!-- Default test -->
