<?xml version="1.0" encoding="UTF-8"?>
<testng-results skipped="0" failed="0" ignored="0" total="6" passed="6">
  <reporter-output>
  </reporter-output>
  <suite name="Default suite" duration-ms="58543" started-at="2022-05-17T03:23:55Z" finished-at="2022-05-17T03:24:54Z">
    <groups>
      <group name="cucumber">
        <method signature="AbstractTestNGCucumberTests.feature(cucumber.api.testng.CucumberFeatureWrapper)[pri:0, instance:com.nexttechITC.TestRunner.TestNGTestRunner$TestRunner@1a968a59]" name="feature" class="cucumber.api.testng.AbstractTestNGCucumberTests"/>
      </group> <!-- cucumber -->
    </groups>
    <test name="Default test" duration-ms="58543" started-at="2022-05-17T03:23:55Z" finished-at="2022-05-17T03:24:54Z">
      <class name="com.nexttechITC.TestRunner.TestNGTestRunner$TestRunner">
        <test-method status="PASS" signature="setUpClass()[pri:0, instance:com.nexttechITC.TestRunner.TestNGTestRunner$TestRunner@1a968a59]" name="setUpClass" is-config="true" duration-ms="128" started-at="2022-05-16T20:23:55Z" finished-at="2022-05-16T20:23:55Z">
          <reporter-output>
          </reporter-output>
        </test-method> <!-- setUpClass -->
        <test-method status="PASS" signature="feature(cucumber.api.testng.CucumberFeatureWrapper)[pri:0, instance:com.nexttechITC.TestRunner.TestNGTestRunner$TestRunner@1a968a59]" name="feature" duration-ms="8987" started-at="2022-05-16T20:23:55Z" description="Runs Cucumber Feature" data-provider="features" finished-at="2022-05-16T20:24:04Z">
          <params>
            <param index="0">
              <value>
                <![CDATA[validate amazon best sellers]]>
              </value>
            </param>
          </params>
          <reporter-output>
          </reporter-output>
        </test-method> <!-- feature -->
        <test-method status="PASS" signature="feature(cucumber.api.testng.CucumberFeatureWrapper)[pri:0, instance:com.nexttechITC.TestRunner.TestNGTestRunner$TestRunner@1a968a59]" name="feature" duration-ms="12604" started-at="2022-05-16T20:24:04Z" description="Runs Cucumber Feature" data-provider="features" finished-at="2022-05-16T20:24:17Z">
          <params>
            <param index="0">
              <value>
                <![CDATA[user want to visit amazon web page and verify serch]]>
              </value>
            </param>
          </params>
          <reporter-output>
          </reporter-output>
        </test-method> <!-- feature -->
        <test-method status="PASS" signature="feature(cucumber.api.testng.CucumberFeatureWrapper)[pri:0, instance:com.nexttechITC.TestRunner.TestNGTestRunner$TestRunner@1a968a59]" name="feature" duration-ms="11499" started-at="2022-05-16T20:24:17Z" description="Runs Cucumber Feature" data-provider="features" finished-at="2022-05-16T20:24:28Z">
          <params>
            <param index="0">
              <value>
                <![CDATA[Dell action]]>
              </value>
            </param>
          </params>
          <reporter-output>
          </reporter-output>
        </test-method> <!-- feature -->
        <test-method status="PASS" signature="feature(cucumber.api.testng.CucumberFeatureWrapper)[pri:0, instance:com.nexttechITC.TestRunner.TestNGTestRunner$TestRunner@1a968a59]" name="feature" duration-ms="13627" started-at="2022-05-16T20:24:28Z" description="Runs Cucumber Feature" data-provider="features" finished-at="2022-05-16T20:24:42Z">
          <params>
            <param index="0">
              <value>
                <![CDATA[Dell Solutions]]>
              </value>
            </param>
          </params>
          <reporter-output>
          </reporter-output>
        </test-method> <!-- feature -->
        <test-method status="PASS" signature="feature(cucumber.api.testng.CucumberFeatureWrapper)[pri:0, instance:com.nexttechITC.TestRunner.TestNGTestRunner$TestRunner@1a968a59]" name="feature" duration-ms="4175" started-at="2022-05-16T20:24:42Z" description="Runs Cucumber Feature" data-provider="features" finished-at="2022-05-16T20:24:46Z">
          <params>
            <param index="0">
              <value>
                <![CDATA[Facebook sign up]]>
              </value>
            </param>
          </params>
          <reporter-output>
          </reporter-output>
        </test-method> <!-- feature -->
        <test-method status="PASS" signature="feature(cucumber.api.testng.CucumberFeatureWrapper)[pri:0, instance:com.nexttechITC.TestRunner.TestNGTestRunner$TestRunner@1a968a59]" name="feature" duration-ms="7453" started-at="2022-05-16T20:24:46Z" description="Runs Cucumber Feature" data-provider="features" finished-at="2022-05-16T20:24:54Z">
          <params>
            <param index="0">
              <value>
                <![CDATA[Validate  Industry Solutios under Dell Solutions]]>
              </value>
            </param>
          </params>
          <reporter-output>
          </reporter-output>
        </test-method> <!-- feature -->
        <test-method status="PASS" signature="tearDownClass()[pri:0, instance:com.nexttechITC.TestRunner.TestNGTestRunner$TestRunner@1a968a59]" name="tearDownClass" is-config="true" duration-ms="4" started-at="2022-05-16T20:24:54Z" finished-at="2022-05-16T20:24:54Z">
          <reporter-output>
          </reporter-output>
        </test-method> <!-- tearDownClass -->
      </class> <!-- com.nexttechITC.TestRunner.TestNGTestRunner$TestRunner -->
    </test> <!-- Default test -->
  </suite> <!-- Default suite -->
</testng-results>
